<?xml version="1.0" encoding="UTF-8"?>
<!-- Generated by org.testng.reporters.JUnitReportReporter -->
<testsuite hostname="Eriks-MacBook-Pro.local" name="cz.muni.fi.PartDaoTest" tests="2" failures="0" timestamp="10 Nov 2014 21:46:02 GMT" time="0.245" errors="0">
  <testcase name="findPart" time="0.185" classname="cz.muni.fi.PartDaoTest"/>
  <testcase name="removeParts" time="0.060" classname="cz.muni.fi.PartDaoTest"/>
</testsuite> <!-- cz.muni.fi.PartDaoTest -->
