<?xml version="1.0" encoding="UTF-8"?>
<!-- Generated by org.testng.reporters.JUnitReportReporter -->
<testsuite hostname="Eriks-MacBook-Pro.local" name="cz.muni.fi.GeneralDaoTest" tests="2" failures="0" timestamp="10 Nov 2014 21:46:02 GMT" time="0.376" errors="0">
  <testcase name="removeCategories" time="0.035" classname="cz.muni.fi.GeneralDaoTest"/>
  <testcase name="findCategories" time="0.341" classname="cz.muni.fi.GeneralDaoTest"/>
</testsuite> <!-- cz.muni.fi.GeneralDaoTest -->
