<?xml version="1.0" encoding="UTF-8"?>
<!-- Generated by org.testng.reporters.JUnitReportReporter -->
<testsuite hostname="Eriks-MacBook-Pro.local" name="cz.muni.fi.KitSetDaoTest" tests="2" failures="0" timestamp="10 Nov 2014 21:46:02 GMT" time="0.248" errors="0">
  <testcase name="findKitSet" time="0.215" classname="cz.muni.fi.KitSetDaoTest"/>
  <testcase name="removeKitSets" time="0.033" classname="cz.muni.fi.KitSetDaoTest"/>
</testsuite> <!-- cz.muni.fi.KitSetDaoTest -->
