<?xml version="1.0" encoding="UTF-8"?>
<!-- Generated by org.testng.reporters.JUnitReportReporter -->
<testsuite hostname="Eriks-MacBook-Pro.local" name="cz.muni.fi.CategoryDaoTest" tests="1" failures="0" timestamp="10 Nov 2014 21:46:02 GMT" time="0.319" errors="0">
  <testcase name="entityRemove" time="0.319" classname="cz.muni.fi.CategoryDaoTest"/>
</testsuite> <!-- cz.muni.fi.CategoryDaoTest -->
