<?xml version="1.0" encoding="UTF-8"?>
<!-- Generated by org.testng.reporters.JUnitReportReporter -->
<testsuite hostname="Eriks-MacBook-Pro.local" name="cz.muni.fi.KitDaoTest" tests="2" failures="0" timestamp="10 Nov 2014 21:46:02 GMT" time="0.305" errors="0">
  <testcase name="removeKits" time="0.036" classname="cz.muni.fi.KitDaoTest"/>
  <testcase name="findKit" time="0.269" classname="cz.muni.fi.KitDaoTest"/>
</testsuite> <!-- cz.muni.fi.KitDaoTest -->
