<?xml version="1.0" encoding="UTF-8"?>
<!-- Generated by org.testng.reporters.JUnitReportReporter -->
<testsuite hostname="Eriks-MacBook-Pro.local" name="cz.muni.fi.CategoryServiceTest" tests="1" failures="0" timestamp="10 Nov 2014 21:58:47 GMT" time="0.132" errors="0">
  <testcase name="entitySave" time="0.132" classname="cz.muni.fi.CategoryServiceTest"/>
</testsuite> <!-- cz.muni.fi.CategoryServiceTest -->
