<?xml version="1.0" encoding="UTF-8"?>
<!-- Generated by org.testng.reporters.JUnitReportReporter -->
<testsuite hostname="Eriks-MacBook-Pro.local" name="cz.muni.fi.GeneralDaoTest" tests="2" failures="0" timestamp="10 Nov 2014 21:36:00 GMT" time="0.270" errors="0">
  <testcase name="removeCategories" time="0.047" classname="cz.muni.fi.GeneralDaoTest"/>
  <testcase name="findCategories" time="0.223" classname="cz.muni.fi.GeneralDaoTest"/>
</testsuite> <!-- cz.muni.fi.GeneralDaoTest -->
