<?xml version="1.0" encoding="UTF-8"?>
<!-- Generated by org.testng.reporters.JUnitReportReporter -->
<testsuite hostname="Eriks-MacBook-Pro.local" name="cz.muni.fi.PartDaoTest" tests="2" failures="0" timestamp="10 Nov 2014 21:36:00 GMT" time="0.554" errors="0">
  <testcase name="removeParts" time="0.296" classname="cz.muni.fi.PartDaoTest"/>
  <testcase name="findPart" time="0.258" classname="cz.muni.fi.PartDaoTest"/>
</testsuite> <!-- cz.muni.fi.PartDaoTest -->
